ERROR - 2022-05-04 15:44:41 --> You have an error in your SQL syntax; check the manual that corresponds to your MariaDB server version for the right syntax to use near '0, 1) VALUES (:0:, :1:)' at line 1
ERROR - 2022-05-04 15:46:36 --> You have an error in your SQL syntax; check the manual that corresponds to your MariaDB server version for the right syntax to use near '0, 1) VALUES (:0:, :1:)' at line 1
ERROR - 2022-05-04 15:46:51 --> You have an error in your SQL syntax; check the manual that corresponds to your MariaDB server version for the right syntax to use near '0, 1) VALUES (:0:, :1:)' at line 1
ERROR - 2022-05-04 15:48:31 --> You have an error in your SQL syntax; check the manual that corresponds to your MariaDB server version for the right syntax to use near '0, 1) VALUES (:0:, :1:)' at line 1
ERROR - 2022-05-04 15:48:52 --> You have an error in your SQL syntax; check the manual that corresponds to your MariaDB server version for the right syntax to use near '0, 1) VALUES (:0:, :1:)' at line 1
ERROR - 2022-05-04 15:49:20 --> Error connecting to the database: No connection could be made because the target machine actively refused it
CRITICAL - 2022-05-04 15:49:20 --> Unable to connect to the database.
Main connection [MySQLi]: No connection could be made because the target machine actively refused it
#0 C:\xampp\htdocs\apptopup\ci\vendor\codeigniter4\framework\system\Database\Database.php(67): CodeIgniter\Database\BaseConnection->initialize()
#1 C:\xampp\htdocs\apptopup\ci\vendor\codeigniter4\framework\system\Database\Config.php(105): CodeIgniter\Database\Database->loadForge(Object(CodeIgniter\Database\MySQLi\Connection))
#2 C:\xampp\htdocs\apptopup\ci\vendor\codeigniter4\framework\system\Database\Seeder.php(98): CodeIgniter\Database\Config::forge(NULL)
#3 C:\xampp\htdocs\apptopup\ci\vendor\codeigniter4\framework\system\Commands\Database\Seed.php(69): CodeIgniter\Database\Seeder->__construct(Object(Config\Database))
#4 C:\xampp\htdocs\apptopup\ci\vendor\codeigniter4\framework\system\CLI\Commands.php(63): CodeIgniter\Commands\Database\Seed->run(Array)
#5 C:\xampp\htdocs\apptopup\ci\vendor\codeigniter4\framework\system\CLI\CommandRunner.php(70): CodeIgniter\CLI\Commands->run('db:seed', Array)
#6 C:\xampp\htdocs\apptopup\ci\vendor\codeigniter4\framework\system\CLI\CommandRunner.php(56): CodeIgniter\CLI\CommandRunner->index(Array)
#7 C:\xampp\htdocs\apptopup\ci\vendor\codeigniter4\framework\system\CodeIgniter.php(830): CodeIgniter\CLI\CommandRunner->_remap('index', 'db:seed')
#8 C:\xampp\htdocs\apptopup\ci\vendor\codeigniter4\framework\system\CodeIgniter.php(419): CodeIgniter\CodeIgniter->runController(Object(CodeIgniter\CLI\CommandRunner))
#9 C:\xampp\htdocs\apptopup\ci\vendor\codeigniter4\framework\system\CodeIgniter.php(326): CodeIgniter\CodeIgniter->handleRequest(NULL, Object(Config\Cache), false)
#10 C:\xampp\htdocs\apptopup\ci\vendor\codeigniter4\framework\system\CLI\Console.php(48): CodeIgniter\CodeIgniter->run()
#11 C:\xampp\htdocs\apptopup\ci\spark(63): CodeIgniter\CLI\Console->run()
#12 {main}
ERROR - 2022-05-04 15:49:33 --> Error connecting to the database: No connection could be made because the target machine actively refused it
CRITICAL - 2022-05-04 15:49:33 --> Unable to connect to the database.
Main connection [MySQLi]: No connection could be made because the target machine actively refused it
#0 C:\xampp\htdocs\apptopup\ci\vendor\codeigniter4\framework\system\Database\Database.php(67): CodeIgniter\Database\BaseConnection->initialize()
#1 C:\xampp\htdocs\apptopup\ci\vendor\codeigniter4\framework\system\Database\Config.php(105): CodeIgniter\Database\Database->loadForge(Object(CodeIgniter\Database\MySQLi\Connection))
#2 C:\xampp\htdocs\apptopup\ci\vendor\codeigniter4\framework\system\Database\Seeder.php(98): CodeIgniter\Database\Config::forge(NULL)
#3 C:\xampp\htdocs\apptopup\ci\vendor\codeigniter4\framework\system\Commands\Database\Seed.php(69): CodeIgniter\Database\Seeder->__construct(Object(Config\Database))
#4 C:\xampp\htdocs\apptopup\ci\vendor\codeigniter4\framework\system\CLI\Commands.php(63): CodeIgniter\Commands\Database\Seed->run(Array)
#5 C:\xampp\htdocs\apptopup\ci\vendor\codeigniter4\framework\system\CLI\CommandRunner.php(70): CodeIgniter\CLI\Commands->run('db:seed', Array)
#6 C:\xampp\htdocs\apptopup\ci\vendor\codeigniter4\framework\system\CLI\CommandRunner.php(56): CodeIgniter\CLI\CommandRunner->index(Array)
#7 C:\xampp\htdocs\apptopup\ci\vendor\codeigniter4\framework\system\CodeIgniter.php(830): CodeIgniter\CLI\CommandRunner->_remap('index', 'db:seed')
#8 C:\xampp\htdocs\apptopup\ci\vendor\codeigniter4\framework\system\CodeIgniter.php(419): CodeIgniter\CodeIgniter->runController(Object(CodeIgniter\CLI\CommandRunner))
#9 C:\xampp\htdocs\apptopup\ci\vendor\codeigniter4\framework\system\CodeIgniter.php(326): CodeIgniter\CodeIgniter->handleRequest(NULL, Object(Config\Cache), false)
#10 C:\xampp\htdocs\apptopup\ci\vendor\codeigniter4\framework\system\CLI\Console.php(48): CodeIgniter\CodeIgniter->run()
#11 C:\xampp\htdocs\apptopup\ci\spark(63): CodeIgniter\CLI\Console->run()
#12 {main}
ERROR - 2022-05-04 15:49:41 --> You have an error in your SQL syntax; check the manual that corresponds to your MariaDB server version for the right syntax to use near '0, 1) VALUES (:0:, :1:)' at line 1
ERROR - 2022-05-04 15:50:14 --> You have an error in your SQL syntax; check the manual that corresponds to your MariaDB server version for the right syntax to use near '0, 1) VALUES (:0:, :1:)' at line 1
ERROR - 2022-05-04 15:50:58 --> You have an error in your SQL syntax; check the manual that corresponds to your MariaDB server version for the right syntax to use near '0, 1) VALUES (:0:, :1:)' at line 1
ERROR - 2022-05-04 15:53:40 --> You have an error in your SQL syntax; check the manual that corresponds to your MariaDB server version for the right syntax to use near '0) VALUES (:0:)' at line 1
